<?xml version="1.0" encoding="UTF-8"?>
<testsuite name="com.bikcode.ApplicationTest" tests="1" skipped="0" failures="0" errors="0" timestamp="2022-01-16T17:37:30" hostname="DESKTOP-G0RLDTD" time="0.62">
  <properties/>
  <testcase name="access all heroes endpoint, query all pages assert correct information" classname="com.bikcode.ApplicationTest" time="0.62"/>
  <system-out><![CDATA[2022-01-16 12:37:30.227 [Test worker] INFO  ktor.test - Autoreload is disabled because the development mode is off.
2022-01-16 12:37:30.235 [Test worker] INFO  ktor.test - Application started in 0.048 seconds.
]]></system-out>
  <system-err><![CDATA[]]></system-err>
</testsuite>
