<?xml version="1.0" encoding="UTF-8"?>
<testsuite name="com.bikcode.ApplicationTest" tests="1" skipped="0" failures="0" errors="0" timestamp="2022-01-16T18:52:15" hostname="DESKTOP-G0RLDTD" time="0.576">
  <properties/>
  <testcase name="access non existing endpoint, assert not found" classname="com.bikcode.ApplicationTest" time="0.576"/>
  <system-out><![CDATA[2022-01-16 13:52:15.221 [Test worker] INFO  ktor.test - Autoreload is disabled because the development mode is off.
2022-01-16 13:52:15.228 [Test worker] INFO  ktor.test - Application started in 0.05 seconds.
]]></system-out>
  <system-err><![CDATA[]]></system-err>
</testsuite>
